15-03-25 07:30:39.000000  15-03-25 07:30:40.000000  plugin load: 23068672
ewww_image_optimizer_admin_init: 33292288
ewww_image_optimizer_init: 33292288
ewww_image_optimizer_cloud_key_sanitize: 33816576
ewww_image_optimizer_cloud_key_sanitize: 33816576
ewww_image_optimizer_cloud_init: 33816576
ewww_image_optimizer_init: 33816576
ewww_image_optimizer_exec_init: 33816576
ewww_image_optimizer_admin_init: 34340864
ewww_image_optimizer_install_paths: 34340864
ewww_image_optimizer_install_tools: 34340864
ewww_image_optimizer_exec_check: 34340864
ewww_image_optimizer_safemode_check: 34340864
ewww_image_optimizer_md5check: 34340864
ewww_image_optimizer_mimetype: 34340864
ewww_image_optimizer_md5check: 34340864
ewww_image_optimizer_mimetype: 34340864
ewww_image_optimizer_md5check: 34340864
ewww_image_optimizer_mimetype: 34340864
ewww_image_optimizer_tool_found: 34340864
ewww_image_optimizer_tool_found: 34340864
ewww_image_optimizer_tool_found: 34340864
ewww_image_optimizer_tool_found: 34340864
ewww_image_optimizer_tool_found: 34340864
ewww_image_optimizer_tool_found: 34340864
ewww_image_optimizer_tool_found: 34340864
ewww_image_optimizer_tool_found: 34340864
ewww_image_optimizer_tool_found: 34340864
ewww_image_optimizer_tool_found: 34340864
ewww_image_optimizer_md5check: 34340864
ewww_image_optimizer_mimetype: 34340864
ewww_image_optimizer_md5check: 34340864
ewww_image_optimizer_mimetype: 34340864
ewww_image_optimizer_path_check: 34340864
ewww_image_optimizer_progressbar_style: 34603008
15-03-25 07:30:45.000000  plugin load: 23068672
ewww_image_optimizer_admin_init: 33292288
ewww_image_optimizer_init: 33292288
ewww_image_optimizer_cloud_init: 33292288
ewww_image_optimizer_init: 33292288
ewww_image_optimizer_exec_init: 33292288
ewww_image_optimizer_admin_init: 33816576
ewww_image_optimizer_install_paths: 33816576
ewww_image_optimizer_md5check: 33816576
ewww_image_optimizer_install_tools: 33816576
ewww_image_optimizer_exec_check: 33816576
ewww_image_optimizer_safemode_check: 33816576
ewww_image_optimizer_md5check: 33816576
ewww_image_optimizer_mimetype: 33816576
ewww_image_optimizer_md5check: 33816576
ewww_image_optimizer_mimetype: 33816576
ewww_image_optimizer_md5check: 33816576
ewww_image_optimizer_mimetype: 33816576
ewww_image_optimizer_tool_found: 33816576
ewww_image_optimizer_tool_found: 33816576
ewww_image_optimizer_tool_found: 33816576
ewww_image_optimizer_tool_found: 33816576
ewww_image_optimizer_tool_found: 33816576
ewww_image_optimizer_tool_found: 33816576
ewww_image_optimizer_tool_found: 33816576
ewww_image_optimizer_tool_found: 33816576
ewww_image_optimizer_tool_found: 33816576
ewww_image_optimizer_tool_found: 33816576
ewww_image_optimizer_md5check: 33816576
ewww_image_optimizer_mimetype: 33816576
ewww_image_optimizer_md5check: 33816576
ewww_image_optimizer_mimetype: 33816576
ewww_image_optimizer_path_check: 33816576
ewww_image_optimizer_settings_script: 33816576
ewww_image_optimizer_progressbar_style: 33816576
ewww_image_optimizer_install_paths: 34865152
ewww_image_optimizer_safemode_check: 34865152
ewww_image_optimizer_exec_check: 34865152
ewww_image_optimizer_gd_support: 34865152
ewww_image_optimizer_tool_found: 34865152
ewww_image_optimizer_tool_found: 34865152
ewww_image_optimizer_tool_found: 34865152
ewww_image_optimizer_tool_found: 34865152
ewww_image_optimizer_tool_found: 34865152
ewww_image_optimizer_jpg_background: 34865152
ewww_image_optimizer_jpg_background: 34865152
ewww_image_optimizer_jpg_quality: 34865152
ewww_image_optimizer_filter_settings_page: 34865152
ewww_image_optimizer_options: 34865152
ewww_image_optimizer_debug: 34865152
15-03-25 07:30:46.000000  plugin load: 22806528
ewww_image_optimizer_admin_init: 33030144
ewww_image_optimizer_init: 33030144
ewww_image_optimizer_cloud_init: 33030144
ewww_image_optimizer_init: 33030144
ewww_image_optimizer_exec_init: 33030144
ewww_image_optimizer_admin_init: 33292288
ewww_image_optimizer_debug_log: 33554432
ewww_image_optimizer_savings_loop: 33554432
15-03-25 07:30:46.000000  plugin load: 22806528
ewww_image_optimizer_admin_init: 33030144
ewww_image_optimizer_init: 33030144
ewww_image_optimizer_cloud_init: 33030144
ewww_image_optimizer_init: 33030144
ewww_image_optimizer_exec_init: 33030144
ewww_image_optimizer_admin_init: 33292288
ewww_image_optimizer_debug_log: 33554432
ewww_image_optimizer_savings_loop: 33554432
15-03-25 07:30:47.000000  plugin load: 22806528
ewww_image_optimizer_admin_init: 33030144
ewww_image_optimizer_init: 33030144
ewww_image_optimizer_cloud_init: 33030144
ewww_image_optimizer_init: 33030144
ewww_image_optimizer_exec_init: 33030144
ewww_image_optimizer_admin_init: 33292288
ewww_image_optimizer_savings_finish: 33554432
15-03-25 07:31:19.000000  plugin load: 23068672
ewww_image_optimizer_admin_init: 33292288
ewww_image_optimizer_init: 33292288
ewww_image_optimizer_cloud_init: 33292288
ewww_image_optimizer_init: 33292288
ewww_image_optimizer_exec_init: 33292288
ewww_image_optimizer_admin_init: 33816576
ewww_image_optimizer_install_paths: 33816576
ewww_image_optimizer_md5check: 33816576
ewww_image_optimizer_install_tools: 33816576
ewww_image_optimizer_exec_check: 33816576
ewww_image_optimizer_safemode_check: 33816576
ewww_image_optimizer_md5check: 33816576
ewww_image_optimizer_mimetype: 33816576
ewww_image_optimizer_md5check: 33816576
ewww_image_optimizer_mimetype: 33816576
ewww_image_optimizer_md5check: 33816576
ewww_image_optimizer_mimetype: 33816576
ewww_image_optimizer_tool_found: 33816576
ewww_image_optimizer_tool_found: 33816576
ewww_image_optimizer_tool_found: 33816576
ewww_image_optimizer_tool_found: 33816576
ewww_image_optimizer_tool_found: 33816576
ewww_image_optimizer_tool_found: 33816576
ewww_image_optimizer_tool_found: 33816576
ewww_image_optimizer_tool_found: 33816576
ewww_image_optimizer_tool_found: 33816576
ewww_image_optimizer_tool_found: 33816576
ewww_image_optimizer_md5check: 33816576
ewww_image_optimizer_mimetype: 33816576
ewww_image_optimizer_md5check: 33816576
ewww_image_optimizer_mimetype: 33816576
ewww_image_optimizer_path_check: 33816576
ewww_image_optimizer_settings_script: 33816576
ewww_image_optimizer_progressbar_style: 33816576
ewww_image_optimizer_install_paths: 34865152
ewww_image_optimizer_safemode_check: 34865152
ewww_image_optimizer_exec_check: 34865152
ewww_image_optimizer_gd_support: 34865152
ewww_image_optimizer_tool_found: 34865152
ewww_image_optimizer_tool_found: 34865152
ewww_image_optimizer_tool_found: 34865152
ewww_image_optimizer_tool_found: 34865152
ewww_image_optimizer_tool_found: 34865152
ewww_image_optimizer_jpg_background: 34865152
ewww_image_optimizer_jpg_background: 34865152
ewww_image_optimizer_jpg_quality: 34865152
ewww_image_optimizer_filter_settings_page: 34865152
ewww_image_optimizer_options: 34865152
ewww_image_optimizer_debug: 34865152
15-03-25 07:31:20.000000  plugin load: 22806528
ewww_image_optimizer_admin_init: 33030144
ewww_image_optimizer_init: 33030144
ewww_image_optimizer_cloud_init: 33030144
ewww_image_optimizer_init: 33030144
ewww_image_optimizer_exec_init: 33030144
ewww_image_optimizer_admin_init: 33292288
ewww_image_optimizer_debug_log: 33554432
ewww_image_optimizer_savings_loop: 33554432
15-03-25 07:31:21.000000  plugin load: 22806528
ewww_image_optimizer_admin_init: 33030144
ewww_image_optimizer_init: 33030144
ewww_image_optimizer_cloud_init: 33030144
ewww_image_optimizer_init: 33030144
ewww_image_optimizer_exec_init: 33030144
ewww_image_optimizer_admin_init: 33292288
ewww_image_optimizer_debug_log: 33554432
ewww_image_optimizer_savings_loop: 33554432
15-03-25 07:31:21.000000  plugin load: 22806528
ewww_image_optimizer_admin_init: 33030144
ewww_image_optimizer_init: 33030144
ewww_image_optimizer_cloud_init: 33030144
ewww_image_optimizer_init: 33030144
ewww_image_optimizer_exec_init: 33030144
ewww_image_optimizer_admin_init: 33292288
ewww_image_optimizer_savings_finish: 33554432
15-03-25 07:31:49.000000  plugin load: 23068672
ewww_image_optimizer_admin_init: 33292288
ewww_image_optimizer_init: 33292288
ewww_image_optimizer_cloud_init: 33292288
ewww_image_optimizer_init: 33292288
ewww_image_optimizer_exec_init: 33292288
ewww_image_optimizer_admin_init: 33816576
ewww_image_optimizer_install_paths: 33816576
ewww_image_optimizer_md5check: 33816576
ewww_image_optimizer_install_tools: 33816576
ewww_image_optimizer_exec_check: 33816576
ewww_image_optimizer_safemode_check: 33816576
ewww_image_optimizer_md5check: 33816576
ewww_image_optimizer_mimetype: 33816576
ewww_image_optimizer_md5check: 33816576
ewww_image_optimizer_mimetype: 33816576
ewww_image_optimizer_md5check: 33816576
ewww_image_optimizer_mimetype: 33816576
ewww_image_optimizer_tool_found: 33816576
ewww_image_optimizer_tool_found: 33816576
ewww_image_optimizer_tool_found: 33816576
ewww_image_optimizer_tool_found: 33816576
ewww_image_optimizer_tool_found: 33816576
ewww_image_optimizer_tool_found: 33816576
ewww_image_optimizer_tool_found: 33816576
ewww_image_optimizer_tool_found: 33816576
ewww_image_optimizer_tool_found: 33816576
ewww_image_optimizer_tool_found: 33816576
ewww_image_optimizer_md5check: 33816576
ewww_image_optimizer_mimetype: 33816576
ewww_image_optimizer_md5check: 33816576
ewww_image_optimizer_mimetype: 33816576
ewww_image_optimizer_path_check: 33816576
ewww_image_optimizer_progressbar_style: 34078720
15-03-25 07:31:54.000000  plugin load: 22806528
ewww_image_optimizer_admin_init: 33292288
ewww_image_optimizer_init: 33292288
ewww_image_optimizer_cloud_init: 33292288
ewww_image_optimizer_init: 33292288
ewww_image_optimizer_exec_init: 33292288
ewww_image_optimizer_admin_init: 33554432
ewww_image_optimizer_progressbar_style: 34078720
15-03-25 07:31:56.000000  plugin load: 22806528
ewww_image_optimizer_admin_init: 33292288
ewww_image_optimizer_init: 33292288
ewww_image_optimizer_cloud_init: 33292288
ewww_image_optimizer_init: 33292288
ewww_image_optimizer_exec_init: 33292288
ewww_image_optimizer_admin_init: 33554432
ewww_image_optimizer_progressbar_style: 34078720
15-03-25 07:31:59.000000  plugin load: 22806528
ewww_image_optimizer_admin_init: 33292288
ewww_image_optimizer_init: 33292288
ewww_image_optimizer_cloud_init: 33292288
ewww_image_optimizer_init: 33292288
ewww_image_optimizer_exec_init: 33292288
ewww_image_optimizer_admin_init: 33554432
ewww_image_optimizer_progressbar_style: 34078720
15-03-25 07:32:07.000000  plugin load: 22806528
ewww_image_optimizer_admin_init: 33292288
ewww_image_optimizer_init: 33292288
ewww_image_optimizer_cloud_init: 33292288
ewww_image_optimizer_init: 33292288
ewww_image_optimizer_exec_init: 33292288
ewww_image_optimizer_admin_init: 33554432
ewww_image_optimizer_progressbar_style: 34603008
15-03-25 07:32:18.000000  plugin load: 23068672
ewww_image_optimizer_admin_init: 33554432
ewww_image_optimizer_init: 33554432
ewww_image_optimizer_cloud_init: 33554432
ewww_image_optimizer_init: 33554432
ewww_image_optimizer_exec_init: 33554432
ewww_image_optimizer_admin_init: 33816576
ewww_image_optimizer_progressbar_style: 34865152
15-03-25 07:32:20.000000  plugin load: 23068672
ewww_image_optimizer_admin_init: 33292288
ewww_image_optimizer_init: 33292288
ewww_image_optimizer_cloud_init: 33292288
ewww_image_optimizer_init: 33292288
ewww_image_optimizer_exec_init: 33292288
ewww_image_optimizer_admin_init: 33816576
ewww_image_optimizer_install_paths: 33816576
ewww_image_optimizer_md5check: 33816576
ewww_image_optimizer_install_tools: 33816576
ewww_image_optimizer_exec_check: 33816576
ewww_image_optimizer_safemode_check: 33816576
ewww_image_optimizer_md5check: 33816576
ewww_image_optimizer_mimetype: 33816576
ewww_image_optimizer_md5check: 33816576
ewww_image_optimizer_mimetype: 33816576
ewww_image_optimizer_md5check: 33816576
ewww_image_optimizer_mimetype: 33816576
ewww_image_optimizer_tool_found: 33816576
ewww_image_optimizer_tool_found: 33816576
ewww_image_optimizer_tool_found: 33816576
ewww_image_optimizer_tool_found: 33816576
ewww_image_optimizer_tool_found: 33816576
ewww_image_optimizer_tool_found: 33816576
ewww_image_optimizer_tool_found: 33816576
ewww_image_optimizer_tool_found: 33816576
ewww_image_optimizer_tool_found: 33816576
ewww_image_optimizer_tool_found: 33816576
ewww_image_optimizer_md5check: 33816576
ewww_image_optimizer_mimetype: 33816576
ewww_image_optimizer_md5check: 33816576
ewww_image_optimizer_mimetype: 33816576
ewww_image_optimizer_path_check: 33816576
15-03-25 07:32:21.000000  plugin load: 23068672
ewww_image_optimizer_admin_init: 33816576
ewww_image_optimizer_init: 33816576
ewww_image_optimizer_cloud_init: 33816576
ewww_image_optimizer_init: 33816576
ewww_image_optimizer_exec_init: 33816576
ewww_image_optimizer_admin_init: 34078720
ewww_image_optimizer_install_paths: 34865152
ewww_image_optimizer_md5check: 34865152
ewww_image_optimizer_install_tools: 34865152
ewww_image_optimizer_exec_check: 34865152
ewww_image_optimizer_safemode_check: 34865152
ewww_image_optimizer_md5check: 34865152
ewww_image_optimizer_mimetype: 34865152
ewww_image_optimizer_md5check: 34865152
ewww_image_optimizer_mimetype: 34865152
ewww_image_optimizer_md5check: 34865152
ewww_image_optimizer_mimetype: 34865152
ewww_image_optimizer_tool_found: 34865152
ewww_image_optimizer_tool_found: 34865152
ewww_image_optimizer_tool_found: 34865152
ewww_image_optimizer_tool_found: 34865152
ewww_image_optimizer_tool_found: 34865152
ewww_image_optimizer_tool_found: 34865152
ewww_image_optimizer_tool_found: 34865152
ewww_image_optimizer_tool_found: 34865152
ewww_image_optimizer_tool_found: 34865152
ewww_image_optimizer_tool_found: 34865152
ewww_image_optimizer_md5check: 34865152
ewww_image_optimizer_mimetype: 34865152
ewww_image_optimizer_md5check: 34865152
ewww_image_optimizer_mimetype: 34865152
ewww_image_optimizer_path_check: 34865152
ewww_image_optimizer_progressbar_style: 35389440
15-03-25 07:33:23.000000  plugin load: 22806528
ewww_image_optimizer_admin_init: 33292288
ewww_image_optimizer_init: 33292288
ewww_image_optimizer_cloud_init: 33292288
ewww_image_optimizer_init: 33292288
ewww_image_optimizer_exec_init: 33292288
ewww_image_optimizer_admin_init: 33554432
15-03-25 07:33:36.000000  plugin load: 23068672
ewww_image_optimizer_admin_init: 33816576
ewww_image_optimizer_init: 33816576
ewww_image_optimizer_cloud_init: 33816576
ewww_image_optimizer_init: 33816576
ewww_image_optimizer_exec_init: 33816576
ewww_image_optimizer_admin_init: 34340864
ewww_image_optimizer_install_paths: 34865152
ewww_image_optimizer_md5check: 34865152
ewww_image_optimizer_install_tools: 34865152
ewww_image_optimizer_exec_check: 34865152
ewww_image_optimizer_safemode_check: 34865152
ewww_image_optimizer_md5check: 34865152
ewww_image_optimizer_mimetype: 34865152
ewww_image_optimizer_md5check: 34865152
ewww_image_optimizer_mimetype: 34865152
ewww_image_optimizer_md5check: 34865152
ewww_image_optimizer_mimetype: 34865152
ewww_image_optimizer_tool_found: 34865152
ewww_image_optimizer_tool_found: 34865152
ewww_image_optimizer_tool_found: 34865152
ewww_image_optimizer_tool_found: 34865152
ewww_image_optimizer_tool_found: 34865152
ewww_image_optimizer_tool_found: 34865152
ewww_image_optimizer_tool_found: 34865152
ewww_image_optimizer_tool_found: 34865152
ewww_image_optimizer_tool_found: 34865152
ewww_image_optimizer_tool_found: 34865152
ewww_image_optimizer_md5check: 34865152
ewww_image_optimizer_mimetype: 34865152
ewww_image_optimizer_md5check: 34865152
ewww_image_optimizer_mimetype: 34865152
ewww_image_optimizer_path_check: 34865152
ewww_image_optimizer_progressbar_style: 35127296
15-03-25 07:33:40.000000  plugin load: 22806528
ewww_image_optimizer_admin_init: 33554432
ewww_image_optimizer_init: 33554432
ewww_image_optimizer_cloud_init: 33554432
ewww_image_optimizer_init: 33554432
ewww_image_optimizer_exec_init: 33816576
ewww_image_optimizer_admin_init: 34340864
ewww_image_optimizer_progressbar_style: 35127296
15-03-25 07:33:50.000000  plugin load: 22806528
ewww_image_optimizer_admin_init: 33554432
ewww_image_optimizer_init: 33554432
ewww_image_optimizer_cloud_init: 33554432
ewww_image_optimizer_init: 33554432
ewww_image_optimizer_exec_init: 33816576
ewww_image_optimizer_admin_init: 34340864
ewww_image_optimizer_progressbar_style: 35127296
15-03-25 07:34:00.000000  plugin load: 23068672
ewww_image_optimizer_admin_init: 34078720
ewww_image_optimizer_init: 34078720
ewww_image_optimizer_cloud_init: 34078720
ewww_image_optimizer_init: 34078720
ewww_image_optimizer_exec_init: 34078720
ewww_image_optimizer_admin_init: 34340864
ewww_image_optimizer_progressbar_style: 35913728
15-03-25 07:35:27.000000  plugin load: 23068672
ewww_image_optimizer_admin_init: 33816576
ewww_image_optimizer_init: 33816576
ewww_image_optimizer_cloud_init: 33816576
ewww_image_optimizer_init: 33816576
ewww_image_optimizer_exec_init: 33816576
ewww_image_optimizer_admin_init: 34078720
ewww_image_optimizer_install_paths: 34865152
ewww_image_optimizer_md5check: 34865152
ewww_image_optimizer_install_tools: 34865152
ewww_image_optimizer_exec_check: 34865152
ewww_image_optimizer_safemode_check: 34865152
ewww_image_optimizer_md5check: 34865152
ewww_image_optimizer_mimetype: 34865152
ewww_image_optimizer_md5check: 34865152
ewww_image_optimizer_mimetype: 34865152
ewww_image_optimizer_md5check: 34865152
ewww_image_optimizer_mimetype: 34865152
ewww_image_optimizer_tool_found: 34865152
ewww_image_optimizer_tool_found: 34865152
ewww_image_optimizer_tool_found: 34865152
ewww_image_optimizer_tool_found: 34865152
ewww_image_optimizer_tool_found: 34865152
ewww_image_optimizer_tool_found: 34865152
ewww_image_optimizer_tool_found: 34865152
ewww_image_optimizer_tool_found: 34865152
ewww_image_optimizer_tool_found: 34865152
ewww_image_optimizer_tool_found: 34865152
ewww_image_optimizer_md5check: 34865152
ewww_image_optimizer_mimetype: 34865152
ewww_image_optimizer_md5check: 34865152
ewww_image_optimizer_mimetype: 34865152
ewww_image_optimizer_path_check: 34865152
15-03-25 07:35:29.000000  plugin load: 23068672
ewww_image_optimizer_admin_init: 35651584
ewww_image_optimizer_init: 35651584
ewww_image_optimizer_cloud_init: 35651584
ewww_image_optimizer_init: 35651584
ewww_image_optimizer_exec_init: 35651584
ewww_image_optimizer_admin_init: 35913728
ewww_image_optimizer_install_paths: 36700160
ewww_image_optimizer_md5check: 36700160
ewww_image_optimizer_install_tools: 36700160
ewww_image_optimizer_exec_check: 36700160
ewww_image_optimizer_safemode_check: 36700160
ewww_image_optimizer_md5check: 36700160
ewww_image_optimizer_mimetype: 36700160
ewww_image_optimizer_md5check: 36700160
ewww_image_optimizer_mimetype: 36700160
ewww_image_optimizer_md5check: 36700160
ewww_image_optimizer_mimetype: 36700160
ewww_image_optimizer_tool_found: 36700160
ewww_image_optimizer_tool_found: 36700160
ewww_image_optimizer_tool_found: 36700160
ewww_image_optimizer_tool_found: 36700160
ewww_image_optimizer_tool_found: 36700160
ewww_image_optimizer_tool_found: 36700160
ewww_image_optimizer_tool_found: 36700160
ewww_image_optimizer_tool_found: 36700160
ewww_image_optimizer_tool_found: 36700160
ewww_image_optimizer_tool_found: 36700160
ewww_image_optimizer_md5check: 36700160
ewww_image_optimizer_mimetype: 36700160
ewww_image_optimizer_md5check: 36700160
ewww_image_optimizer_mimetype: 36700160
ewww_image_optimizer_path_check: 36700160
ewww_image_optimizer_progressbar_style: 37224448
15-03-25 07:35:32.000000  plugin load: 23068672
ewww_image_optimizer_admin_init: 35127296
ewww_image_optimizer_init: 35127296
ewww_image_optimizer_cloud_init: 35127296
ewww_image_optimizer_init: 35127296
ewww_image_optimizer_exec_init: 35127296
ewww_image_optimizer_admin_init: 35389440
15-03-25 07:35:35.000000  plugin load: 23068672
ewww_image_optimizer_admin_init: 35127296
ewww_image_optimizer_init: 35127296
ewww_image_optimizer_cloud_init: 35127296
ewww_image_optimizer_init: 35127296
ewww_image_optimizer_exec_init: 35127296
ewww_image_optimizer_admin_init: 35389440
15-03-25 07:36:08.000000  plugin load: 22806528
ewww_image_optimizer_admin_init: 35651584
ewww_image_optimizer_init: 35651584
ewww_image_optimizer_cloud_init: 35651584
ewww_image_optimizer_init: 35651584
ewww_image_optimizer_exec_init: 35651584
ewww_image_optimizer_admin_init: 35913728
ewww_image_optimizer_progressbar_style: 36962304
15-03-25 07:36:12.000000  plugin load: 23068672
ewww_image_optimizer_admin_init: 35127296
ewww_image_optimizer_init: 35127296
ewww_image_optimizer_cloud_init: 35127296
ewww_image_optimizer_init: 35127296
ewww_image_optimizer_exec_init: 35127296
ewww_image_optimizer_admin_init: 35389440
15-03-25 07:36:20.000000  plugin load: 22806528
ewww_image_optimizer_admin_init: 35651584
ewww_image_optimizer_init: 35651584
ewww_image_optimizer_cloud_init: 35651584
ewww_image_optimizer_init: 35651584
ewww_image_optimizer_exec_init: 35651584
ewww_image_optimizer_admin_init: 35913728
ewww_image_optimizer_progressbar_style: 36962304
15-03-25 07:37:22.000000  plugin load: 23068672
ewww_image_optimizer_admin_init: 35127296
ewww_image_optimizer_init: 35127296
ewww_image_optimizer_cloud_init: 35127296
ewww_image_optimizer_init: 35127296
ewww_image_optimizer_exec_init: 35127296
ewww_image_optimizer_admin_init: 35389440
15-03-25 07:38:23.000000  plugin load: 23068672
ewww_image_optimizer_admin_init: 35127296
ewww_image_optimizer_init: 35127296
ewww_image_optimizer_cloud_init: 35127296
ewww_image_optimizer_init: 35127296
ewww_image_optimizer_exec_init: 35127296
ewww_image_optimizer_admin_init: 35389440
15-03-25 07:39:25.000000  plugin load: 23068672
ewww_image_optimizer_admin_init: 35127296
ewww_image_optimizer_init: 35127296
ewww_image_optimizer_cloud_init: 35127296
ewww_image_optimizer_init: 35127296
ewww_image_optimizer_exec_init: 35127296
ewww_image_optimizer_admin_init: 35389440
